<?xml version="1.0" encoding="UTF-8"?>
<!-- Generated by org.testng.reporters.JUnitReportReporter -->
<testsuite hostname="RAMYA-PC" name="utils.TestngConcepts" tests="2" failures="0" timestamp="11 Apr 2020 11:56:20 GMT" time="0.014" errors="0">
  <testcase name="register" time="0.012" classname="utils.TestngConcepts"/>
  <testcase name="book" time="0.002" classname="utils.TestngConcepts"/>
</testsuite> <!-- utils.TestngConcepts -->
