<?xml version="1.0" encoding="UTF-8"?>
<!-- Generated by org.testng.reporters.JUnitReportReporter -->
<testsuite hostname="RAMYA-PC" name="pages.GropuingTest" tests="1" failures="0" timestamp="11 Apr 2020 11:56:50 GMT" time="0.013" errors="0">
  <testcase name="GticketDetails" time="0.013" classname="pages.GropuingTest"/>
</testsuite> <!-- pages.GropuingTest -->
