<?xml version="1.0" encoding="UTF-8"?>
<!-- Generated by org.testng.reporters.JUnitReportReporter -->
<testsuite hostname="RAMYA-PC" name="utils.WikiTestNG" tests="2" failures="0" timestamp="5 Apr 2020 09:50:10 GMT" time="0.055" errors="0">
  <testcase name="printUsername" time="0.039" classname="utils.WikiTestNG"/>
  <testcase name="title" time="0.016" classname="utils.WikiTestNG"/>
</testsuite> <!-- utils.WikiTestNG -->
