<?xml version="1.0" encoding="UTF-8"?>
<!-- Generated by org.testng.reporters.JUnitReportReporter -->
<testsuite hostname="RAMYA-PC" name="utils.AnnotationsTest" tests="3" failures="0" timestamp="5 Apr 2020 09:34:38 GMT" time="0.011" errors="0">
  <testcase name="payment" time="0.002" classname="utils.AnnotationsTest"/>
  <testcase name="cart" time="0.007" classname="utils.AnnotationsTest"/>
  <testcase name="search" time="0.002" classname="utils.AnnotationsTest"/>
</testsuite> <!-- utils.AnnotationsTest -->
