<?xml version="1.0" encoding="UTF-8"?>
<!-- Generated by org.testng.reporters.JUnitReportReporter -->
<testsuite hostname="RAMYA-PC" name="utils.AnnotationsTest" tests="3" failures="0" timestamp="11 Apr 2020 11:51:53 GMT" time="0.009" errors="0">
  <testcase name="search" time="0.001" classname="utils.AnnotationsTest"/>
  <testcase name="cart" time="0.006" classname="utils.AnnotationsTest"/>
  <testcase name="payment" time="0.002" classname="utils.AnnotationsTest"/>
</testsuite> <!-- utils.AnnotationsTest -->
