<?xml version="1.0" encoding="UTF-8"?>
<!-- Generated by org.testng.reporters.JUnitReportReporter -->
<testsuite hostname="RAMYA-PC" name="pages.ParametersTest" tests="1" failures="0" timestamp="11 Apr 2020 12:20:53 GMT" time="5.654" errors="0">
  <testcase name="login" time="5.654" classname="pages.ParametersTest"/>
</testsuite> <!-- pages.ParametersTest -->
